<?xml version="1.0" encoding="utf-8"?><testsuites name="pytest tests"><testsuite name="pytest" errors="0" failures="0" skipped="0" tests="20" time="3.144" timestamp="2026-02-26T23:37:15.095472+00:00" hostname="agent-env-6a36c6dd-6e87-429b-a5c2-6f4c0eb0d8e9"><testcase classname="backend.tests.test_phase2_apis.TestStatsEndpoint" name="test_stats_requires_auth" time="0.188" /><testcase classname="backend.tests.test_phase2_apis.TestStatsEndpoint" name="test_stats_with_invalid_token" time="0.773" /><testcase classname="backend.tests.test_phase2_apis.TestDraftsEndpoints" name="test_list_drafts_requires_auth" time="0.127" /><testcase classname="backend.tests.test_phase2_apis.TestDraftsEndpoints" name="test_create_draft_requires_auth" time="0.131" /><testcase classname="backend.tests.test_phase2_apis.TestDraftsEndpoints" name="test_get_single_draft_requires_auth" time="0.110" /><testcase classname="backend.tests.test_phase2_apis.TestDraftsEndpoints" name="test_update_draft_requires_auth" time="0.114" /><testcase classname="backend.tests.test_phase2_apis.TestDraftsEndpoints" name="test_delete_draft_requires_auth" time="0.113" /><testcase classname="backend.tests.test_phase2_apis.TestDraftsEndpoints" name="test_draft_presence_requires_auth" time="0.116" /><testcase classname="backend.tests.test_phase2_apis.TestDraftsEndpoints" name="test_get_draft_presence_requires_auth" time="0.121" /><testcase classname="backend.tests.test_phase2_apis.TestDraftsEndpoints" name="test_draft_versions_requires_auth" time="0.104" /><testcase classname="backend.tests.test_phase2_apis.TestIntegrationsEndpoints" name="test_list_integrations_requires_auth" time="0.127" /><testcase classname="backend.tests.test_phase2_apis.TestIntegrationsEndpoints" name="test_connect_sharepoint_requires_auth" time="0.161" /><testcase classname="backend.tests.test_phase2_apis.TestIntegrationsEndpoints" name="test_connect_onedrive_requires_auth" time="0.128" /><testcase classname="backend.tests.test_phase2_apis.TestIntegrationsEndpoints" name="test_connect_gdocs_requires_auth" time="0.106" /><testcase classname="backend.tests.test_phase2_apis.TestIntegrationsEndpoints" name="test_disconnect_sharepoint_requires_auth" time="0.125" /><testcase classname="backend.tests.test_phase2_apis.TestIntegrationsEndpoints" name="test_list_provider_files_requires_auth" time="0.110" /><testcase classname="backend.tests.test_phase2_apis.TestIntegrationsEndpoints" name="test_sync_file_requires_auth" time="0.115" /><testcase classname="backend.tests.test_phase2_apis.TestPublicEndpoints" name="test_health_endpoint" time="0.114" /><testcase classname="backend.tests.test_phase2_apis.TestPublicEndpoints" name="test_templates_endpoint" time="0.110" /><testcase classname="backend.tests.test_phase2_apis.TestInvalidProviders" name="test_invalid_provider_connect" time="0.114" /></testsuite></testsuites>