<?xml version="1.0" encoding="utf-8"?><testsuites name="pytest tests"><testsuite name="pytest" errors="0" failures="0" skipped="0" tests="16" time="23.979" timestamp="2026-02-27T13:59:40.716802+00:00" hostname="agent-env-6a36c6dd-6e87-429b-a5c2-6f4c0eb0d8e9"><testcase classname="tests.test_rag_endpoints.TestPublicEndpoints" name="test_health_endpoint_returns_healthy" time="0.339" /><testcase classname="tests.test_rag_endpoints.TestPublicEndpoints" name="test_rfp_templates_returns_6_aviation_templates" time="0.054" /><testcase classname="tests.test_rag_endpoints.TestAuthProtection" name="test_rfp_draft_requires_auth" time="0.079" /><testcase classname="tests.test_rag_endpoints.TestAuthProtection" name="test_rfp_chat_requires_auth" time="0.061" /><testcase classname="tests.test_rag_endpoints.TestAuthProtection" name="test_stats_requires_auth" time="0.056" /><testcase classname="tests.test_rag_endpoints.TestAuthProtection" name="test_drafts_requires_auth" time="0.064" /><testcase classname="tests.test_rag_endpoints.TestAuthProtection" name="test_drafts_create_requires_auth" time="0.050" /><testcase classname="tests.test_rag_endpoints.TestAuthProtection" name="test_kb_folders_requires_auth" time="0.080" /><testcase classname="tests.test_rag_endpoints.TestAuthProtection" name="test_team_templates_requires_auth" time="0.056" /><testcase classname="tests.test_rag_endpoints.TestAuthenticatedEndpoints" name="test_stats_with_auth_returns_data" time="0.671" /><testcase classname="tests.test_rag_endpoints.TestAuthenticatedEndpoints" name="test_drafts_list_with_auth" time="0.248" /><testcase classname="tests.test_rag_endpoints.TestAuthenticatedEndpoints" name="test_kb_folders_with_auth" time="0.248" /><testcase classname="tests.test_rag_endpoints.TestAuthenticatedEndpoints" name="test_team_templates_with_auth" time="0.275" /><testcase classname="tests.test_rag_endpoints.TestRAGEndpoints" name="test_rfp_draft_generation_with_template" time="19.405" /><testcase classname="tests.test_rag_endpoints.TestRAGEndpoints" name="test_rfp_chat_without_documents" time="1.471" /><testcase classname="tests.test_rag_endpoints.TestDraftCRUD" name="test_create_and_get_draft" time="0.781" /></testsuite></testsuites>