<?xml version="1.0" encoding="utf-8"?><testsuites name="pytest tests"><testsuite name="pytest" errors="0" failures="0" skipped="0" tests="12" time="2.348" timestamp="2026-02-26T23:14:36.729413+00:00" hostname="agent-env-6a36c6dd-6e87-429b-a5c2-6f4c0eb0d8e9"><testcase classname="tests.test_platform_apis.TestHealthEndpoint" name="test_health_returns_200" time="0.192" /><testcase classname="tests.test_platform_apis.TestHealthEndpoint" name="test_health_returns_4_services" time="0.125" /><testcase classname="tests.test_platform_apis.TestHealthEndpoint" name="test_health_status_is_healthy" time="0.111" /><testcase classname="tests.test_platform_apis.TestRFPTemplatesEndpoint" name="test_templates_returns_200" time="0.119" /><testcase classname="tests.test_platform_apis.TestRFPTemplatesEndpoint" name="test_templates_returns_6_items" time="0.200" /><testcase classname="tests.test_platform_apis.TestRFPTemplatesEndpoint" name="test_templates_have_required_fields" time="0.114" /><testcase classname="tests.test_platform_apis.TestRFPTemplatesEndpoint" name="test_templates_categories" time="0.124" /><testcase classname="tests.test_platform_apis.TestProtectedKBEndpoints" name="test_kb_folders_requires_auth" time="0.140" /><testcase classname="tests.test_platform_apis.TestProtectedKBEndpoints" name="test_kb_limits_requires_auth" time="0.204" /><testcase classname="tests.test_platform_apis.TestProtectedKBEndpoints" name="test_kb_folders_with_invalid_token" time="0.752" /><testcase classname="tests.test_platform_apis.TestProtectedKBEndpoints" name="test_kb_folder_documents_requires_auth" time="0.131" /><testcase classname="tests.test_platform_apis.TestRootEndpoint" name="test_root_returns_message" time="0.108" /></testsuite></testsuites>