<?xml version="1.0" encoding="utf-8"?><testsuites name="pytest tests"><testsuite name="pytest" errors="0" failures="0" skipped="0" tests="17" time="5.100" timestamp="2026-02-26T23:49:59.087857+00:00" hostname="agent-env-6a36c6dd-6e87-429b-a5c2-6f4c0eb0d8e9"><testcase classname="backend.tests.test_team_templates_api.TestTeamTemplatesEndpoints" name="test_list_team_templates_requires_auth" time="0.170" /><testcase classname="backend.tests.test_team_templates_api.TestTeamTemplatesEndpoints" name="test_list_team_templates_with_category_filter" time="0.114" /><testcase classname="backend.tests.test_team_templates_api.TestTeamTemplatesEndpoints" name="test_list_team_templates_with_search" time="0.109" /><testcase classname="backend.tests.test_team_templates_api.TestTeamTemplatesEndpoints" name="test_create_team_template_requires_auth" time="0.127" /><testcase classname="backend.tests.test_team_templates_api.TestTeamTemplatesEndpoints" name="test_get_single_team_template_requires_auth" time="0.113" /><testcase classname="backend.tests.test_team_templates_api.TestTeamTemplatesEndpoints" name="test_update_team_template_requires_auth" time="0.544" /><testcase classname="backend.tests.test_team_templates_api.TestTeamTemplatesEndpoints" name="test_delete_team_template_requires_auth" time="0.110" /><testcase classname="backend.tests.test_team_templates_api.TestTeamTemplatesEndpoints" name="test_use_team_template_requires_auth" time="0.109" /><testcase classname="backend.tests.test_team_templates_api.TestTeamTemplatesEndpoints" name="test_list_categories_requires_auth" time="0.119" /><testcase classname="backend.tests.test_team_templates_api.TestTeamTemplatesWithInvalidToken" name="test_list_with_invalid_token" time="0.668" /><testcase classname="backend.tests.test_team_templates_api.TestTeamTemplatesWithInvalidToken" name="test_create_with_invalid_token" time="0.599" /><testcase classname="backend.tests.test_team_templates_api.TestTeamTemplatesWithInvalidToken" name="test_use_template_with_invalid_token" time="0.354" /><testcase classname="backend.tests.test_team_templates_api.TestPublicEndpointsStillWork" name="test_health_endpoint_is_public" time="0.121" /><testcase classname="backend.tests.test_team_templates_api.TestPublicEndpointsStillWork" name="test_rfp_templates_endpoint_is_public" time="1.168" /><testcase classname="backend.tests.test_team_templates_api.TestPreviousEndpointsStillProtected" name="test_stats_still_protected" time="0.141" /><testcase classname="backend.tests.test_team_templates_api.TestPreviousEndpointsStillProtected" name="test_drafts_still_protected" time="0.377" /><testcase classname="backend.tests.test_team_templates_api.TestPreviousEndpointsStillProtected" name="test_kb_folders_still_protected" time="0.122" /></testsuite></testsuites>